app/build/intermediates/manifest_merge_blame_file/debug/manifest-merger-blame-debug-report.txt
1<?xml version="1.0" encoding="utf-8"?>
2<manifest xmlns:android="http://schemas.android.com/apk/res/android"
3    package="com.fghilmany.academy2"
4    android:versionCode="1"
5    android:versionName="1.0" >
6
7    <uses-sdk
8        android:minSdkVersion="21"
8-->src/main/AndroidManifest.xml
9        android:targetSdkVersion="29" />
9-->src/main/AndroidManifest.xml
10
11    <uses-permission android:name="android.permission.INTERNET" />
11-->src/main/AndroidManifest.xml:6:5-66
11-->src/main/AndroidManifest.xml:6:22-64
12
13    <application
13-->src/main/AndroidManifest.xml:8:5-33:19
14        android:allowBackup="true"
14-->src/main/AndroidManifest.xml:9:9-35
15        android:appComponentFactory="androidx.core.app.CoreComponentFactory"
15-->[androidx.core:core:1.1.0] AndroidManifest.xml:24:18-86
16        android:debuggable="true"
17        android:icon="@mipmap/ic_launcher"
17-->src/main/AndroidManifest.xml:10:9-43
18        android:label="@string/app_name"
18-->src/main/AndroidManifest.xml:11:9-41
19        android:roundIcon="@mipmap/ic_launcher_round"
19-->src/main/AndroidManifest.xml:12:9-54
20        android:supportsRtl="true"
20-->src/main/AndroidManifest.xml:13:9-35
21        android:testOnly="true"
22        android:theme="@style/AppTheme" >
22-->src/main/AndroidManifest.xml:14:9-40
23        <activity
23-->src/main/AndroidManifest.xml:16:9-24:20
24            android:name="com.fghilmany.academy2.ui.detail.DetailCourseActivity"
24-->src/main/AndroidManifest.xml:17:13-81
25            android:label="@string/title_activity_detail_course"
25-->src/main/AndroidManifest.xml:18:13-65
26            android:parentActivityName="com.fghilmany.academy2.ui.home.HomeActivity"
26-->src/main/AndroidManifest.xml:19:13-85
27            android:theme="@style/AppTheme.NoActionBar" >
27-->src/main/AndroidManifest.xml:20:13-56
28            <meta-data
28-->src/main/AndroidManifest.xml:21:13-23:78
29                android:name="android.support.PARENT_ACTIVITY"
29-->src/main/AndroidManifest.xml:22:17-63
30                android:value="com.fghilmany.academy2.ui.home.HomeActivity" />
30-->src/main/AndroidManifest.xml:23:17-76
31        </activity>
32        <activity android:name="com.fghilmany.academy2.ui.reader.CourseReaderActivity" />
32-->src/main/AndroidManifest.xml:25:9-68
32-->src/main/AndroidManifest.xml:25:19-65
33        <activity android:name="com.fghilmany.academy2.ui.home.HomeActivity" >
33-->src/main/AndroidManifest.xml:26:9-32:20
33-->src/main/AndroidManifest.xml:26:19-77
34            <intent-filter>
34-->src/main/AndroidManifest.xml:27:13-31:29
35                <action android:name="android.intent.action.MAIN" />
35-->src/main/AndroidManifest.xml:28:17-69
35-->src/main/AndroidManifest.xml:28:25-66
36
37                <category android:name="android.intent.category.LAUNCHER" />
37-->src/main/AndroidManifest.xml:30:17-77
37-->src/main/AndroidManifest.xml:30:27-74
38            </intent-filter>
39        </activity>
40    </application>
41
42</manifest>